<?xml version="1.0" encoding="UTF-8"?>
<testsuite xmlns:xsi="http://www.w3.org/2001/XMLSchema-instance" xsi:noNamespaceSchemaLocation="https://maven.apache.org/surefire/maven-surefire-plugin/xsd/surefire-test-report.xsd" name="in.ashokit.ApplicationTests" time="5.239" tests="1" errors="0" skipped="0" failures="0">
  <properties>
    <property name="sun.desktop" value="windows"/>
    <property name="awt.toolkit" value="sun.awt.windows.WToolkit"/>
    <property name="file.encoding.pkg" value="sun.io"/>
    <property name="java.specification.version" value="1.8"/>
    <property name="sun.cpu.isalist" value="amd64"/>
    <property name="sun.jnu.encoding" value="Cp1252"/>
    <property name="java.class.path" value="C:\Users\ashok\classes\27-SBMS\workspace\25_SB_REST_ERAIL_API\target\test-classes;C:\Users\ashok\classes\27-SBMS\workspace\25_SB_REST_ERAIL_API\target\classes;C:\Users\ashok\.m2\repository\org\springframework\boot\spring-boot-starter-web\2.5.6\spring-boot-starter-web-2.5.6.jar;C:\Users\ashok\.m2\repository\org\springframework\boot\spring-boot-starter\2.5.6\spring-boot-starter-2.5.6.jar;C:\Users\ashok\.m2\repository\org\springframework\boot\spring-boot-starter-logging\2.5.6\spring-boot-starter-logging-2.5.6.jar;C:\Users\ashok\.m2\repository\ch\qos\logback\logback-classic\1.2.6\logback-classic-1.2.6.jar;C:\Users\ashok\.m2\repository\ch\qos\logback\logback-core\1.2.6\logback-core-1.2.6.jar;C:\Users\ashok\.m2\repository\org\apache\logging\log4j\log4j-to-slf4j\2.14.1\log4j-to-slf4j-2.14.1.jar;C:\Users\ashok\.m2\repository\org\apache\logging\log4j\log4j-api\2.14.1\log4j-api-2.14.1.jar;C:\Users\ashok\.m2\repository\org\slf4j\jul-to-slf4j\1.7.32\jul-to-slf4j-1.7.32.jar;C:\Users\ashok\.m2\repository\jakarta\annotation\jakarta.annotation-api\1.3.5\jakarta.annotation-api-1.3.5.jar;C:\Users\ashok\.m2\repository\org\yaml\snakeyaml\1.28\snakeyaml-1.28.jar;C:\Users\ashok\.m2\repository\org\springframework\boot\spring-boot-starter-json\2.5.6\spring-boot-starter-json-2.5.6.jar;C:\Users\ashok\.m2\repository\com\fasterxml\jackson\core\jackson-databind\2.12.5\jackson-databind-2.12.5.jar;C:\Users\ashok\.m2\repository\com\fasterxml\jackson\core\jackson-core\2.12.5\jackson-core-2.12.5.jar;C:\Users\ashok\.m2\repository\com\fasterxml\jackson\datatype\jackson-datatype-jdk8\2.12.5\jackson-datatype-jdk8-2.12.5.jar;C:\Users\ashok\.m2\repository\com\fasterxml\jackson\datatype\jackson-datatype-jsr310\2.12.5\jackson-datatype-jsr310-2.12.5.jar;C:\Users\ashok\.m2\repository\com\fasterxml\jackson\module\jackson-module-parameter-names\2.12.5\jackson-module-parameter-names-2.12.5.jar;C:\Users\ashok\.m2\repository\org\springframework\boot\spring-boot-starter-tomcat\2.5.6\spring-boot-starter-tomcat-2.5.6.jar;C:\Users\ashok\.m2\repository\org\apache\tomcat\embed\tomcat-embed-core\9.0.54\tomcat-embed-core-9.0.54.jar;C:\Users\ashok\.m2\repository\org\apache\tomcat\embed\tomcat-embed-el\9.0.54\tomcat-embed-el-9.0.54.jar;C:\Users\ashok\.m2\repository\org\apache\tomcat\embed\tomcat-embed-websocket\9.0.54\tomcat-embed-websocket-9.0.54.jar;C:\Users\ashok\.m2\repository\org\springframework\spring-web\5.3.12\spring-web-5.3.12.jar;C:\Users\ashok\.m2\repository\org\springframework\spring-beans\5.3.12\spring-beans-5.3.12.jar;C:\Users\ashok\.m2\repository\org\springframework\spring-webmvc\5.3.12\spring-webmvc-5.3.12.jar;C:\Users\ashok\.m2\repository\org\springframework\spring-aop\5.3.12\spring-aop-5.3.12.jar;C:\Users\ashok\.m2\repository\org\springframework\spring-context\5.3.12\spring-context-5.3.12.jar;C:\Users\ashok\.m2\repository\org\springframework\spring-expression\5.3.12\spring-expression-5.3.12.jar;C:\Users\ashok\.m2\repository\org\springframework\boot\spring-boot-devtools\2.5.6\spring-boot-devtools-2.5.6.jar;C:\Users\ashok\.m2\repository\org\springframework\boot\spring-boot\2.5.6\spring-boot-2.5.6.jar;C:\Users\ashok\.m2\repository\org\springframework\boot\spring-boot-autoconfigure\2.5.6\spring-boot-autoconfigure-2.5.6.jar;C:\Users\ashok\.m2\repository\org\projectlombok\lombok\1.18.22\lombok-1.18.22.jar;C:\Users\ashok\.m2\repository\io\springfox\springfox-swagger2\2.6.1\springfox-swagger2-2.6.1.jar;C:\Users\ashok\.m2\repository\io\swagger\swagger-annotations\1.5.10\swagger-annotations-1.5.10.jar;C:\Users\ashok\.m2\repository\io\swagger\swagger-models\1.5.10\swagger-models-1.5.10.jar;C:\Users\ashok\.m2\repository\com\fasterxml\jackson\core\jackson-annotations\2.12.5\jackson-annotations-2.12.5.jar;C:\Users\ashok\.m2\repository\io\springfox\springfox-spi\2.6.1\springfox-spi-2.6.1.jar;C:\Users\ashok\.m2\repository\io\springfox\springfox-core\2.6.1\springfox-core-2.6.1.jar;C:\Users\ashok\.m2\repository\io\springfox\springfox-schema\2.6.1\springfox-schema-2.6.1.jar;C:\Users\ashok\.m2\repository\io\springfox\springfox-swagger-common\2.6.1\springfox-swagger-common-2.6.1.jar;C:\Users\ashok\.m2\repository\io\springfox\springfox-spring-web\2.6.1\springfox-spring-web-2.6.1.jar;C:\Users\ashok\.m2\repository\com\google\guava\guava\18.0\guava-18.0.jar;C:\Users\ashok\.m2\repository\com\fasterxml\classmate\1.5.1\classmate-1.5.1.jar;C:\Users\ashok\.m2\repository\org\slf4j\slf4j-api\1.7.32\slf4j-api-1.7.32.jar;C:\Users\ashok\.m2\repository\org\springframework\plugin\spring-plugin-core\1.2.0.RELEASE\spring-plugin-core-1.2.0.RELEASE.jar;C:\Users\ashok\.m2\repository\org\springframework\plugin\spring-plugin-metadata\1.2.0.RELEASE\spring-plugin-metadata-1.2.0.RELEASE.jar;C:\Users\ashok\.m2\repository\org\mapstruct\mapstruct\1.0.0.Final\mapstruct-1.0.0.Final.jar;C:\Users\ashok\.m2\repository\io\springfox\springfox-swagger-ui\2.6.1\springfox-swagger-ui-2.6.1.jar;C:\Users\ashok\.m2\repository\org\springframework\boot\spring-boot-starter-test\2.5.6\spring-boot-starter-test-2.5.6.jar;C:\Users\ashok\.m2\repository\org\springframework\boot\spring-boot-test\2.5.6\spring-boot-test-2.5.6.jar;C:\Users\ashok\.m2\repository\org\springframework\boot\spring-boot-test-autoconfigure\2.5.6\spring-boot-test-autoconfigure-2.5.6.jar;C:\Users\ashok\.m2\repository\com\jayway\jsonpath\json-path\2.5.0\json-path-2.5.0.jar;C:\Users\ashok\.m2\repository\net\minidev\json-smart\2.4.7\json-smart-2.4.7.jar;C:\Users\ashok\.m2\repository\net\minidev\accessors-smart\2.4.7\accessors-smart-2.4.7.jar;C:\Users\ashok\.m2\repository\org\ow2\asm\asm\9.1\asm-9.1.jar;C:\Users\ashok\.m2\repository\jakarta\xml\bind\jakarta.xml.bind-api\2.3.3\jakarta.xml.bind-api-2.3.3.jar;C:\Users\ashok\.m2\repository\jakarta\activation\jakarta.activation-api\1.2.2\jakarta.activation-api-1.2.2.jar;C:\Users\ashok\.m2\repository\org\assertj\assertj-core\3.19.0\assertj-core-3.19.0.jar;C:\Users\ashok\.m2\repository\org\hamcrest\hamcrest\2.2\hamcrest-2.2.jar;C:\Users\ashok\.m2\repository\org\junit\jupiter\junit-jupiter\5.7.2\junit-jupiter-5.7.2.jar;C:\Users\ashok\.m2\repository\org\junit\jupiter\junit-jupiter-api\5.7.2\junit-jupiter-api-5.7.2.jar;C:\Users\ashok\.m2\repository\org\apiguardian\apiguardian-api\1.1.0\apiguardian-api-1.1.0.jar;C:\Users\ashok\.m2\repository\org\opentest4j\opentest4j\1.2.0\opentest4j-1.2.0.jar;C:\Users\ashok\.m2\repository\org\junit\platform\junit-platform-commons\1.7.2\junit-platform-commons-1.7.2.jar;C:\Users\ashok\.m2\repository\org\junit\jupiter\junit-jupiter-params\5.7.2\junit-jupiter-params-5.7.2.jar;C:\Users\ashok\.m2\repository\org\junit\jupiter\junit-jupiter-engine\5.7.2\junit-jupiter-engine-5.7.2.jar;C:\Users\ashok\.m2\repository\org\junit\platform\junit-platform-engine\1.7.2\junit-platform-engine-1.7.2.jar;C:\Users\ashok\.m2\repository\org\mockito\mockito-core\3.9.0\mockito-core-3.9.0.jar;C:\Users\ashok\.m2\repository\net\bytebuddy\byte-buddy\1.10.22\byte-buddy-1.10.22.jar;C:\Users\ashok\.m2\repository\net\bytebuddy\byte-buddy-agent\1.10.22\byte-buddy-agent-1.10.22.jar;C:\Users\ashok\.m2\repository\org\objenesis\objenesis\3.2\objenesis-3.2.jar;C:\Users\ashok\.m2\repository\org\mockito\mockito-junit-jupiter\3.9.0\mockito-junit-jupiter-3.9.0.jar;C:\Users\ashok\.m2\repository\org\skyscreamer\jsonassert\1.5.0\jsonassert-1.5.0.jar;C:\Users\ashok\.m2\repository\com\vaadin\external\google\android-json\0.0.20131108.vaadin1\android-json-0.0.20131108.vaadin1.jar;C:\Users\ashok\.m2\repository\org\springframework\spring-core\5.3.12\spring-core-5.3.12.jar;C:\Users\ashok\.m2\repository\org\springframework\spring-jcl\5.3.12\spring-jcl-5.3.12.jar;C:\Users\ashok\.m2\repository\org\springframework\spring-test\5.3.12\spring-test-5.3.12.jar;C:\Users\ashok\.m2\repository\org\xmlunit\xmlunit-core\2.8.3\xmlunit-core-2.8.3.jar;"/>
    <property name="java.vm.vendor" value="Oracle Corporation"/>
    <property name="sun.arch.data.model" value="64"/>
    <property name="user.variant" value=""/>
    <property name="java.vendor.url" value="http://java.oracle.com/"/>
    <property name="user.timezone" value="Asia/Calcutta"/>
    <property name="java.vm.specification.version" value="1.8"/>
    <property name="os.name" value="Windows 10"/>
    <property name="user.country" value="IN"/>
    <property name="sun.java.launcher" value="SUN_STANDARD"/>
    <property name="sun.boot.library.path" value="C:\Program Files\Java\jdk1.8.0_202\jre\bin"/>
    <property name="sun.java.command" value="C:\Users\ashok\AppData\Local\Temp\surefire9131221162757684478\surefirebooter412444865624571530.jar C:\Users\ashok\AppData\Local\Temp\surefire9131221162757684478 2023-03-27T20-02-24_869-jvmRun1 surefire8755405458052469542tmp surefire_08789325403283938795tmp"/>
    <property name="surefire.test.class.path" value="C:\Users\ashok\classes\27-SBMS\workspace\25_SB_REST_ERAIL_API\target\test-classes;C:\Users\ashok\classes\27-SBMS\workspace\25_SB_REST_ERAIL_API\target\classes;C:\Users\ashok\.m2\repository\org\springframework\boot\spring-boot-starter-web\2.5.6\spring-boot-starter-web-2.5.6.jar;C:\Users\ashok\.m2\repository\org\springframework\boot\spring-boot-starter\2.5.6\spring-boot-starter-2.5.6.jar;C:\Users\ashok\.m2\repository\org\springframework\boot\spring-boot-starter-logging\2.5.6\spring-boot-starter-logging-2.5.6.jar;C:\Users\ashok\.m2\repository\ch\qos\logback\logback-classic\1.2.6\logback-classic-1.2.6.jar;C:\Users\ashok\.m2\repository\ch\qos\logback\logback-core\1.2.6\logback-core-1.2.6.jar;C:\Users\ashok\.m2\repository\org\apache\logging\log4j\log4j-to-slf4j\2.14.1\log4j-to-slf4j-2.14.1.jar;C:\Users\ashok\.m2\repository\org\apache\logging\log4j\log4j-api\2.14.1\log4j-api-2.14.1.jar;C:\Users\ashok\.m2\repository\org\slf4j\jul-to-slf4j\1.7.32\jul-to-slf4j-1.7.32.jar;C:\Users\ashok\.m2\repository\jakarta\annotation\jakarta.annotation-api\1.3.5\jakarta.annotation-api-1.3.5.jar;C:\Users\ashok\.m2\repository\org\yaml\snakeyaml\1.28\snakeyaml-1.28.jar;C:\Users\ashok\.m2\repository\org\springframework\boot\spring-boot-starter-json\2.5.6\spring-boot-starter-json-2.5.6.jar;C:\Users\ashok\.m2\repository\com\fasterxml\jackson\core\jackson-databind\2.12.5\jackson-databind-2.12.5.jar;C:\Users\ashok\.m2\repository\com\fasterxml\jackson\core\jackson-core\2.12.5\jackson-core-2.12.5.jar;C:\Users\ashok\.m2\repository\com\fasterxml\jackson\datatype\jackson-datatype-jdk8\2.12.5\jackson-datatype-jdk8-2.12.5.jar;C:\Users\ashok\.m2\repository\com\fasterxml\jackson\datatype\jackson-datatype-jsr310\2.12.5\jackson-datatype-jsr310-2.12.5.jar;C:\Users\ashok\.m2\repository\com\fasterxml\jackson\module\jackson-module-parameter-names\2.12.5\jackson-module-parameter-names-2.12.5.jar;C:\Users\ashok\.m2\repository\org\springframework\boot\spring-boot-starter-tomcat\2.5.6\spring-boot-starter-tomcat-2.5.6.jar;C:\Users\ashok\.m2\repository\org\apache\tomcat\embed\tomcat-embed-core\9.0.54\tomcat-embed-core-9.0.54.jar;C:\Users\ashok\.m2\repository\org\apache\tomcat\embed\tomcat-embed-el\9.0.54\tomcat-embed-el-9.0.54.jar;C:\Users\ashok\.m2\repository\org\apache\tomcat\embed\tomcat-embed-websocket\9.0.54\tomcat-embed-websocket-9.0.54.jar;C:\Users\ashok\.m2\repository\org\springframework\spring-web\5.3.12\spring-web-5.3.12.jar;C:\Users\ashok\.m2\repository\org\springframework\spring-beans\5.3.12\spring-beans-5.3.12.jar;C:\Users\ashok\.m2\repository\org\springframework\spring-webmvc\5.3.12\spring-webmvc-5.3.12.jar;C:\Users\ashok\.m2\repository\org\springframework\spring-aop\5.3.12\spring-aop-5.3.12.jar;C:\Users\ashok\.m2\repository\org\springframework\spring-context\5.3.12\spring-context-5.3.12.jar;C:\Users\ashok\.m2\repository\org\springframework\spring-expression\5.3.12\spring-expression-5.3.12.jar;C:\Users\ashok\.m2\repository\org\springframework\boot\spring-boot-devtools\2.5.6\spring-boot-devtools-2.5.6.jar;C:\Users\ashok\.m2\repository\org\springframework\boot\spring-boot\2.5.6\spring-boot-2.5.6.jar;C:\Users\ashok\.m2\repository\org\springframework\boot\spring-boot-autoconfigure\2.5.6\spring-boot-autoconfigure-2.5.6.jar;C:\Users\ashok\.m2\repository\org\projectlombok\lombok\1.18.22\lombok-1.18.22.jar;C:\Users\ashok\.m2\repository\io\springfox\springfox-swagger2\2.6.1\springfox-swagger2-2.6.1.jar;C:\Users\ashok\.m2\repository\io\swagger\swagger-annotations\1.5.10\swagger-annotations-1.5.10.jar;C:\Users\ashok\.m2\repository\io\swagger\swagger-models\1.5.10\swagger-models-1.5.10.jar;C:\Users\ashok\.m2\repository\com\fasterxml\jackson\core\jackson-annotations\2.12.5\jackson-annotations-2.12.5.jar;C:\Users\ashok\.m2\repository\io\springfox\springfox-spi\2.6.1\springfox-spi-2.6.1.jar;C:\Users\ashok\.m2\repository\io\springfox\springfox-core\2.6.1\springfox-core-2.6.1.jar;C:\Users\ashok\.m2\repository\io\springfox\springfox-schema\2.6.1\springfox-schema-2.6.1.jar;C:\Users\ashok\.m2\repository\io\springfox\springfox-swagger-common\2.6.1\springfox-swagger-common-2.6.1.jar;C:\Users\ashok\.m2\repository\io\springfox\springfox-spring-web\2.6.1\springfox-spring-web-2.6.1.jar;C:\Users\ashok\.m2\repository\com\google\guava\guava\18.0\guava-18.0.jar;C:\Users\ashok\.m2\repository\com\fasterxml\classmate\1.5.1\classmate-1.5.1.jar;C:\Users\ashok\.m2\repository\org\slf4j\slf4j-api\1.7.32\slf4j-api-1.7.32.jar;C:\Users\ashok\.m2\repository\org\springframework\plugin\spring-plugin-core\1.2.0.RELEASE\spring-plugin-core-1.2.0.RELEASE.jar;C:\Users\ashok\.m2\repository\org\springframework\plugin\spring-plugin-metadata\1.2.0.RELEASE\spring-plugin-metadata-1.2.0.RELEASE.jar;C:\Users\ashok\.m2\repository\org\mapstruct\mapstruct\1.0.0.Final\mapstruct-1.0.0.Final.jar;C:\Users\ashok\.m2\repository\io\springfox\springfox-swagger-ui\2.6.1\springfox-swagger-ui-2.6.1.jar;C:\Users\ashok\.m2\repository\org\springframework\boot\spring-boot-starter-test\2.5.6\spring-boot-starter-test-2.5.6.jar;C:\Users\ashok\.m2\repository\org\springframework\boot\spring-boot-test\2.5.6\spring-boot-test-2.5.6.jar;C:\Users\ashok\.m2\repository\org\springframework\boot\spring-boot-test-autoconfigure\2.5.6\spring-boot-test-autoconfigure-2.5.6.jar;C:\Users\ashok\.m2\repository\com\jayway\jsonpath\json-path\2.5.0\json-path-2.5.0.jar;C:\Users\ashok\.m2\repository\net\minidev\json-smart\2.4.7\json-smart-2.4.7.jar;C:\Users\ashok\.m2\repository\net\minidev\accessors-smart\2.4.7\accessors-smart-2.4.7.jar;C:\Users\ashok\.m2\repository\org\ow2\asm\asm\9.1\asm-9.1.jar;C:\Users\ashok\.m2\repository\jakarta\xml\bind\jakarta.xml.bind-api\2.3.3\jakarta.xml.bind-api-2.3.3.jar;C:\Users\ashok\.m2\repository\jakarta\activation\jakarta.activation-api\1.2.2\jakarta.activation-api-1.2.2.jar;C:\Users\ashok\.m2\repository\org\assertj\assertj-core\3.19.0\assertj-core-3.19.0.jar;C:\Users\ashok\.m2\repository\org\hamcrest\hamcrest\2.2\hamcrest-2.2.jar;C:\Users\ashok\.m2\repository\org\junit\jupiter\junit-jupiter\5.7.2\junit-jupiter-5.7.2.jar;C:\Users\ashok\.m2\repository\org\junit\jupiter\junit-jupiter-api\5.7.2\junit-jupiter-api-5.7.2.jar;C:\Users\ashok\.m2\repository\org\apiguardian\apiguardian-api\1.1.0\apiguardian-api-1.1.0.jar;C:\Users\ashok\.m2\repository\org\opentest4j\opentest4j\1.2.0\opentest4j-1.2.0.jar;C:\Users\ashok\.m2\repository\org\junit\platform\junit-platform-commons\1.7.2\junit-platform-commons-1.7.2.jar;C:\Users\ashok\.m2\repository\org\junit\jupiter\junit-jupiter-params\5.7.2\junit-jupiter-params-5.7.2.jar;C:\Users\ashok\.m2\repository\org\junit\jupiter\junit-jupiter-engine\5.7.2\junit-jupiter-engine-5.7.2.jar;C:\Users\ashok\.m2\repository\org\junit\platform\junit-platform-engine\1.7.2\junit-platform-engine-1.7.2.jar;C:\Users\ashok\.m2\repository\org\mockito\mockito-core\3.9.0\mockito-core-3.9.0.jar;C:\Users\ashok\.m2\repository\net\bytebuddy\byte-buddy\1.10.22\byte-buddy-1.10.22.jar;C:\Users\ashok\.m2\repository\net\bytebuddy\byte-buddy-agent\1.10.22\byte-buddy-agent-1.10.22.jar;C:\Users\ashok\.m2\repository\org\objenesis\objenesis\3.2\objenesis-3.2.jar;C:\Users\ashok\.m2\repository\org\mockito\mockito-junit-jupiter\3.9.0\mockito-junit-jupiter-3.9.0.jar;C:\Users\ashok\.m2\repository\org\skyscreamer\jsonassert\1.5.0\jsonassert-1.5.0.jar;C:\Users\ashok\.m2\repository\com\vaadin\external\google\android-json\0.0.20131108.vaadin1\android-json-0.0.20131108.vaadin1.jar;C:\Users\ashok\.m2\repository\org\springframework\spring-core\5.3.12\spring-core-5.3.12.jar;C:\Users\ashok\.m2\repository\org\springframework\spring-jcl\5.3.12\spring-jcl-5.3.12.jar;C:\Users\ashok\.m2\repository\org\springframework\spring-test\5.3.12\spring-test-5.3.12.jar;C:\Users\ashok\.m2\repository\org\xmlunit\xmlunit-core\2.8.3\xmlunit-core-2.8.3.jar;"/>
    <property name="sun.cpu.endian" value="little"/>
    <property name="user.home" value="C:\Users\ashok"/>
    <property name="user.language" value="en"/>
    <property name="java.specification.vendor" value="Oracle Corporation"/>
    <property name="java.home" value="C:\Program Files\Java\jdk1.8.0_202\jre"/>
    <property name="basedir" value="C:\Users\ashok\classes\27-SBMS\workspace\25_SB_REST_ERAIL_API"/>
    <property name="file.separator" value="\"/>
    <property name="line.separator" value="&#10;"/>
    <property name="java.vm.specification.vendor" value="Oracle Corporation"/>
    <property name="java.specification.name" value="Java Platform API Specification"/>
    <property name="java.awt.graphicsenv" value="sun.awt.Win32GraphicsEnvironment"/>
    <property name="surefire.real.class.path" value="C:\Users\ashok\AppData\Local\Temp\surefire9131221162757684478\surefirebooter412444865624571530.jar"/>
    <property name="sun.boot.class.path" value="C:\Program Files\Java\jdk1.8.0_202\jre\lib\resources.jar;C:\Program Files\Java\jdk1.8.0_202\jre\lib\rt.jar;C:\Program Files\Java\jdk1.8.0_202\jre\lib\sunrsasign.jar;C:\Program Files\Java\jdk1.8.0_202\jre\lib\jsse.jar;C:\Program Files\Java\jdk1.8.0_202\jre\lib\jce.jar;C:\Program Files\Java\jdk1.8.0_202\jre\lib\charsets.jar;C:\Program Files\Java\jdk1.8.0_202\jre\lib\jfr.jar;C:\Program Files\Java\jdk1.8.0_202\jre\classes"/>
    <property name="user.script" value=""/>
    <property name="sun.management.compiler" value="HotSpot 64-Bit Tiered Compilers"/>
    <property name="java.runtime.version" value="1.8.0_202-b08"/>
    <property name="user.name" value="ashok"/>
    <property name="path.separator" value=";"/>
    <property name="os.version" value="10.0"/>
    <property name="java.endorsed.dirs" value="C:\Program Files\Java\jdk1.8.0_202\jre\lib\endorsed"/>
    <property name="java.runtime.name" value="Java(TM) SE Runtime Environment"/>
    <property name="file.encoding" value="Cp1252"/>
    <property name="java.vm.name" value="Java HotSpot(TM) 64-Bit Server VM"/>
    <property name="localRepository" value="C:\Users\ashok\.m2\repository"/>
    <property name="java.vendor.url.bug" value="http://bugreport.sun.com/bugreport/"/>
    <property name="java.io.tmpdir" value="C:\Users\ashok\AppData\Local\Temp\"/>
    <property name="java.version" value="1.8.0_202"/>
    <property name="user.dir" value="C:\Users\ashok\classes\27-SBMS\workspace\25_SB_REST_ERAIL_API"/>
    <property name="os.arch" value="amd64"/>
    <property name="java.vm.specification.name" value="Java Virtual Machine Specification"/>
    <property name="java.awt.printerjob" value="sun.awt.windows.WPrinterJob"/>
    <property name="sun.os.patch.level" value=""/>
    <property name="java.library.path" value="C:\Program Files\Java\jdk1.8.0_202\jre\bin;C:\WINDOWS\Sun\Java\bin;C:\WINDOWS\system32;C:\WINDOWS;C:/Program Files/Java/jdk1.8.0_202/bin/../jre/bin/server;C:/Program Files/Java/jdk1.8.0_202/bin/../jre/bin;C:/Program Files/Java/jdk1.8.0_202/bin/../jre/lib/amd64;C:\Windows\system32;C:\Windows;C:\Windows\System32\Wbem;C:\Windows\System32\WindowsPowerShell\v1.0\;C:\Windows\System32\OpenSSH\;C:\Program Files\dotnet\;C:\Program Files\PuTTY\;C:\Program Files\nodejs\;C:\Program Files\Kubernetes\Minikube;C:\Program Files\Docker\Docker\resources\bin;C:\Users\ashok\classes\softwares\gradle-7.6\bin;C:\WINDOWS\system32;C:\WINDOWS;C:\WINDOWS\System32\Wbem;C:\WINDOWS\System32\WindowsPowerShell\v1.0\;C:\WINDOWS\System32\OpenSSH\;C:\Program Files\Java\jdk1.8.0_202\bin;C:\apache-maven-3.8.6\bin;C:\Program Files\Git\cmd;C:\Users\ashok\classes\softwares\apache-zookeeper-3.7.1\bin;C:\Users\ashok\AppData\Local\Microsoft\WindowsApps;C:\Program Files\heroku\bin;C:\Users\ashok\AppData\Local\Programs\Microsoft VS Code\bin;C:\Users\ashok\AppData\Roaming\npm;;C:\Users\ashok\classes\softwares\STS\sts-bundle\sts-3.9.6.RELEASE;;."/>
    <property name="java.vm.info" value="mixed mode"/>
    <property name="java.vendor" value="Oracle Corporation"/>
    <property name="java.vm.version" value="25.202-b08"/>
    <property name="java.ext.dirs" value="C:\Program Files\Java\jdk1.8.0_202\jre\lib\ext;C:\WINDOWS\Sun\Java\lib\ext"/>
    <property name="sun.io.unicode.encoding" value="UnicodeLittle"/>
    <property name="java.class.version" value="52.0"/>
  </properties>
  <testcase name="contextLoads" classname="in.ashokit.ApplicationTests" time="0.298"/>
</testsuite>